<?xml version="1.0" encoding="UTF-8" ?>
<testsuite tests="42" failures="0" name="kata.tennis.tests.unit.TennisGameTest" time="0" errors="0" skipped="0">
  <properties>
[...]
</properties>
  <testcase classname="kata.tennis.tests.unit.TennisGameTest" name="scoreOfTiebrekWhenPlayerTwoWinsAfterOnePlayerWinTiebrekPoint4TimesAndOttherWinsTiebrekPoint5Times" time="0"/>
  <testcase classname="kata.tennis.tests.unit.TennisGameTest" name="scoreOfTiebrekWhenPlayerTwoWinsTiebrekPointAfterOnePlayerWinTiebrekPoint6TimesAndOttherWinsTiebrekPoint5Times" time="0"/>
  <testcase classname="kata.tennis.tests.unit.TennisGameTest" name="PlayerOneScoresGame4TimesAndOtherPlayerScoresGame2Times" time="0"/>
  <testcase classname="kata.tennis.tests.unit.TennisGameTest" name="scoreOfSetWhenPlayerOneWinsGameAfterBothPlayerWinGame3Times" time="0"/>
  <testcase classname="kata.tennis.tests.unit.TennisGameTest" name="playerOneWinningSetAfterPlayerOneWins5TimeAndPlayerTwo4Times" time="0"/>
  <testcase classname="kata.tennis.tests.unit.TennisGameTest" name="playerTwoWinningSetAfterPlayerOneWins4TimeAndPlayerTwo5Times" time="0"/>
  <testcase classname="kata.tennis.tests.unit.TennisGameTest" name="PlayerOneScoresGame5TimesAndOtherPlayerScoresGame6Times" time="0"/>
  <testcase classname="kata.tennis.tests.unit.TennisGameTest" name="playerOneWinningSetAfterPlayerOneWins6TimeAndPlayerTwo5Times" time="0"/>
  <testcase classname="kata.tennis.tests.unit.TennisGameTest" name="playerTwoWins" time="0"/>
  <testcase classname="kata.tennis.tests.unit.TennisGameTest" name="playerOneWins" time="0"/>
  <testcase classname="kata.tennis.tests.unit.TennisGameTest" name="playerOneScoresTiebrekTwice" time="0"/>
  <testcase classname="kata.tennis.tests.unit.TennisGameTest" name="palyerOneLosesAdvantage" time="0"/>
  <testcase classname="kata.tennis.tests.unit.TennisGameTest" name="bothPlayersScores3Times" time="0"/>
  <testcase classname="kata.tennis.tests.unit.TennisGameTest" name="bothPlayersScoresTiebrek3Times" time="0"/>
  <testcase classname="kata.tennis.tests.unit.TennisGameTest" name="gameBeginsFrom0_0" time="0"/>
  <testcase classname="kata.tennis.tests.unit.TennisGameTest" name="playerOneScoresGameOnce" time="0"/>
  <testcase classname="kata.tennis.tests.unit.TennisGameTest" name="playerTwoWinsAfterAdvantage" time="0"/>
  <testcase classname="kata.tennis.tests.unit.TennisGameTest" name="bothPlayersScoresGame5Times" time="0"/>
  <testcase classname="kata.tennis.tests.unit.TennisGameTest" name="playerTwoScoresTiebrekOnce" time="0"/>
  <testcase classname="kata.tennis.tests.unit.TennisGameTest" name="bothPlayersScoresTiebrek6Times" time="0"/>
  <testcase classname="kata.tennis.tests.unit.TennisGameTest" name="playerOneScoresTwice" time="0"/>
  <testcase classname="kata.tennis.tests.unit.TennisGameTest" name="playerOneScoresOnce" time="0"/>
  <testcase classname="kata.tennis.tests.unit.TennisGameTest" name="playerTwoScoresThrice" time="0"/>
  <testcase classname="kata.tennis.tests.unit.TennisGameTest" name="playerOneGainsAdvantage" time="0"/>
  <testcase classname="kata.tennis.tests.unit.TennisGameTest" name="playerTwoGainsAdvantage" time="0"/>
  <testcase classname="kata.tennis.tests.unit.TennisGameTest" name="palyerTwoLosesAdvantage" time="0"/>
  <testcase classname="kata.tennis.tests.unit.TennisGameTest" name="playerOneScoresGameTwice" time="0"/>
  <testcase classname="kata.tennis.tests.unit.TennisGameTest" name="playerTwoScoresTiebrekThrice" time="0"/>
  <testcase classname="kata.tennis.tests.unit.TennisGameTest" name="bothPlayersScoresGame3Times" time="0"/>
  <testcase classname="kata.tennis.tests.unit.TennisGameTest" name="playerOneScoresTiebrekOnce" time="0"/>
  <testcase classname="kata.tennis.tests.unit.TennisGameTest" name="playerOneWinsAfterAdvantage" time="0"/>
  <testcase classname="kata.tennis.tests.unit.TennisGameTest" name="playerTwoScoresGameThrice" time="0"/>
  <testcase classname="kata.tennis.tests.unit.TennisGameTest" name="playerTwoScoresOnce" time="0"/>
  <testcase classname="kata.tennis.tests.unit.TennisGameTest" name="playerTwoScoresGameOnce" time="0"/>
  <testcase classname="kata.tennis.tests.unit.TennisGameTest" name="playerOneWinsWhenGameHaveNotAdvantage" time="0"/>
  <testcase classname="kata.tennis.tests.unit.TennisGameTest" name="playerTwoWinsWhenGameHaveNotAdvantage" time="0"/>
  <testcase classname="kata.tennis.tests.unit.TennisGameTest" name="PlayerOneWinTiebrekAfterOnePlayerWinGame6TimesAndOttherWinsGame7Times" time="0"/>
  <testcase classname="kata.tennis.tests.unit.TennisGameTest" name="scoreOfSetWhenPlayerTwoWinsAfterOnePlayerWinGame6TimesAndOttherWinsGame5Times" time="0"/>
  <testcase classname="kata.tennis.tests.unit.TennisGameTest" name="scoreOfTiebrekWhenPlayerOneWinsTiebrekPointAfterBothPlayerWin0TiebrekPoint" time="0"/>
  <testcase classname="kata.tennis.tests.unit.TennisGameTest" name="scoreOfSetWhenPlayerTwoWinsAfterOnePlayerWinGame3TimesAndOttherWinsGame5Times" time="0"/>
  <testcase classname="kata.tennis.tests.unit.TennisGameTest" name="scoreOfSetWhenPlayerTwoWinsAfterOnePlayerWinGame4TimesAndOttherWinsGame5Times" time="0"/>
  <testcase classname="kata.tennis.tests.unit.TennisGameTest" name="PlayerOneWinTiebrekAfterOnePlayerWinGame6TimesAndOttherWinsGame5Times" time="0"/>
</testsuite>