<?xml version="1.0" encoding="UTF-8" ?>
<testsuite tests="351" failures="0" name="kata.tennis.tests.cucumber.RunCukesTest" time="0.154" errors="0" skipped="0">
  <properties>
[...]
</properties>
  <testcase classname="Given no points have been scored   " name="Given no points have been scored   " time="0.004"/>
  <testcase classname="Then scoreboard displays &quot;0-0&quot;    " name="Then scoreboard displays &quot;0-0&quot;    " time="0"/>
  <testcase classname="Scenario: Start Game at 0-0  " name="Scenario: Start Game at 0-0  " time="0.002"/>
  <testcase classname="When I mark 0 points to &quot;player one&quot;        " name="When I mark 0 points to &quot;player one&quot;        " time="0.001"/>
  <testcase classname="And I mark 0 points to &quot;player two&quot;         " name="And I mark 0 points to &quot;player two&quot;         " time="0"/>
  <testcase classname="Then scoreboard displays &quot;0-0&quot;          " name="Then scoreboard displays &quot;0-0&quot;          " time="0"/>
  <testcase classname="| 0 | 0 | &quot;0-0&quot; |       " name="| 0 | 0 | &quot;0-0&quot; |       " time="0.001"/>
  <testcase classname="When I mark 1 points to &quot;player one&quot;            " name="When I mark 1 points to &quot;player one&quot;            " time="0"/>
  <testcase classname="And I mark 0 points to &quot;player two&quot;             " name="And I mark 0 points to &quot;player two&quot;             " time="0"/>
  <testcase classname="Then scoreboard displays &quot;15-0&quot;              " name="Then scoreboard displays &quot;15-0&quot;              " time="0"/>
  <testcase classname="| 1 | 0 | &quot;15-0&quot; |           " name="| 1 | 0 | &quot;15-0&quot; |           " time="0.001"/>
  <testcase classname="When I mark 2 points to &quot;player one&quot;                " name="When I mark 2 points to &quot;player one&quot;                " time="0"/>
  <testcase classname="And I mark 0 points to &quot;player two&quot;                 " name="And I mark 0 points to &quot;player two&quot;                 " time="0"/>
  <testcase classname="Then scoreboard displays &quot;30-0&quot;                  " name="Then scoreboard displays &quot;30-0&quot;                  " time="0"/>
  <testcase classname="| 2 | 0 | &quot;30-0&quot; |               " name="| 2 | 0 | &quot;30-0&quot; |               " time="0.002"/>
  <testcase classname="When I mark 2 points to &quot;player one&quot;                    " name="When I mark 2 points to &quot;player one&quot;                    " time="0"/>
  <testcase classname="And I mark 1 points to &quot;player two&quot;                     " name="And I mark 1 points to &quot;player two&quot;                     " time="0"/>
  <testcase classname="Then scoreboard displays &quot;30-15&quot;                      " name="Then scoreboard displays &quot;30-15&quot;                      " time="0"/>
  <testcase classname="| 2 | 1 | &quot;30-15&quot; |                   " name="| 2 | 1 | &quot;30-15&quot; |                   " time="0.001"/>
  <testcase classname="When I mark 3 points to &quot;player one&quot;                        " name="When I mark 3 points to &quot;player one&quot;                        " time="0.002"/>
  <testcase classname="And I mark 1 points to &quot;player two&quot;                         " name="And I mark 1 points to &quot;player two&quot;                         " time="0"/>
  <testcase classname="Then scoreboard displays &quot;40-15&quot;                          " name="Then scoreboard displays &quot;40-15&quot;                          " time="0"/>
  <testcase classname="| 3 | 1 | &quot;40-15&quot; |                       " name="| 3 | 1 | &quot;40-15&quot; |                       " time="0"/>
  <testcase classname="When I mark 3 points to &quot;player one&quot;                            " name="When I mark 3 points to &quot;player one&quot;                            " time="0"/>
  <testcase classname="And I mark 2 points to &quot;player two&quot;                             " name="And I mark 2 points to &quot;player two&quot;                             " time="0.001"/>
  <testcase classname="Then scoreboard displays &quot;40-30&quot;                              " name="Then scoreboard displays &quot;40-30&quot;                              " time="0"/>
  <testcase classname="| 3 | 2 | &quot;40-30&quot; |                           " name="| 3 | 2 | &quot;40-30&quot; |                           " time="0.002"/>
  <testcase classname="When I mark 3 points to &quot;player one&quot;                                " name="When I mark 3 points to &quot;player one&quot;                                " time="0"/>
  <testcase classname="And I mark 3 points to &quot;player two&quot;                                 " name="And I mark 3 points to &quot;player two&quot;                                 " time="0"/>
  <testcase classname="Then scoreboard displays &quot;40-40&quot;                                  " name="Then scoreboard displays &quot;40-40&quot;                                  " time="0"/>
  <testcase classname="| 3 | 3 | &quot;40-40&quot; |                               " name="| 3 | 3 | &quot;40-40&quot; |                               " time="0.004"/>
  <testcase classname="Given &quot;player one&quot; has the score of &quot;40&quot;                                    " name="Given &quot;player one&quot; has the score of &quot;40&quot;                                    " time="0"/>
  <testcase classname="And &quot;player two&quot; has the score of &quot;0&quot;                                     " name="And &quot;player two&quot; has the score of &quot;0&quot;                                     " time="0"/>
  <testcase classname="When I mark 1 points to &quot;player one&quot;                                      " name="When I mark 1 points to &quot;player one&quot;                                      " time="0"/>
  <testcase classname="Then scoreboard displays &quot;0-0&quot;                                       " name="Then scoreboard displays &quot;0-0&quot;                                       " time="0"/>
  <testcase classname="And winner of this game is &quot;player one wins the game&quot;                                        " name="And winner of this game is &quot;player one wins the game&quot;                                        " time="0"/>
  <testcase classname="Scenario: Winning straight at 40-0                                   " name="Scenario: Winning straight at 40-0                                   " time="0"/>
  <testcase classname="Given &quot;player one&quot; has the score of &quot;15&quot;                                          " name="Given &quot;player one&quot; has the score of &quot;15&quot;                                          " time="0"/>
  <testcase classname="And &quot;player two&quot; has the score of &quot;40&quot;                                           " name="And &quot;player two&quot; has the score of &quot;40&quot;                                           " time="0"/>
  <testcase classname="When I mark 1 points to &quot;player two&quot;                                            " name="When I mark 1 points to &quot;player two&quot;                                            " time="0"/>
  <testcase classname="Then scoreboard displays &quot;0-0&quot;                                             " name="Then scoreboard displays &quot;0-0&quot;                                             " time="0"/>
  <testcase classname="And winner of this game is &quot;player two wins the game&quot;                                              " name="And winner of this game is &quot;player two wins the game&quot;                                              " time="0"/>
  <testcase classname="Scenario: Winning straight at 15-40                                         " name="Scenario: Winning straight at 15-40                                         " time="0.001"/>
  <testcase classname="Given &quot;player one&quot; has the score of &quot;40&quot;                                                " name="Given &quot;player one&quot; has the score of &quot;40&quot;                                                " time="0"/>
  <testcase classname="And &quot;player two&quot; has the score of &quot;30&quot;                                                 " name="And &quot;player two&quot; has the score of &quot;30&quot;                                                 " time="0.001"/>
  <testcase classname="When I mark 1 points to &quot;player one&quot;                                                  " name="When I mark 1 points to &quot;player one&quot;                                                  " time="0"/>
  <testcase classname="Then scoreboard displays &quot;0-0&quot;                                                   " name="Then scoreboard displays &quot;0-0&quot;                                                   " time="0.009"/>
  <testcase classname="And winner of this game is &quot;player one wins the game&quot;                                                    " name="And winner of this game is &quot;player one wins the game&quot;                                                    " time="0"/>
  <testcase classname="Scenario: Winning straight at 40-30                                               " name="Scenario: Winning straight at 40-30                                               " time="0.002"/>
  <testcase classname="Given &quot;player one&quot; has the score without adv of &quot;40&quot;                                                      " name="Given &quot;player one&quot; has the score without adv of &quot;40&quot;                                                      " time="0"/>
  <testcase classname="And &quot;player two&quot; has the score without adv of &quot;40&quot;                                                       " name="And &quot;player two&quot; has the score without adv of &quot;40&quot;                                                       " time="0"/>
  <testcase classname="When I mark 1 points to &quot;player two&quot;                                                        " name="When I mark 1 points to &quot;player two&quot;                                                        " time="0"/>
  <testcase classname="Then scoreboard displays &quot;0-0&quot;                                                         " name="Then scoreboard displays &quot;0-0&quot;                                                         " time="0"/>
  <testcase classname="And winner of this game is &quot;player two wins the game&quot;                                                          " name="And winner of this game is &quot;player two wins the game&quot;                                                          " time="0"/>
  <testcase classname="Scenario: Winning at Deuce                                                     " name="Scenario: Winning at Deuce                                                     " time="0.001"/>
  <testcase classname="Given &quot;player one&quot; has the score of &quot;40&quot;                                                             " name="Given &quot;player one&quot; has the score of &quot;40&quot;                                                             " time="0"/>
  <testcase classname="And &quot;player two&quot; has the score of &quot;40&quot;                                                              " name="And &quot;player two&quot; has the score of &quot;40&quot;                                                              " time="0"/>
  <testcase classname="When I mark 1 points to &quot;player one&quot;                                                               " name="When I mark 1 points to &quot;player one&quot;                                                               " time="0"/>
  <testcase classname="Then scoreboard displays &quot;adv-40&quot;                                                                " name="Then scoreboard displays &quot;adv-40&quot;                                                                " time="0"/>
  <testcase classname="Scenario: Gaining advantage                                                            " name="Scenario: Gaining advantage                                                            " time="0.001"/>
  <testcase classname="Given &quot;player two&quot; has the score of &quot;40&quot;                                                                  " name="Given &quot;player two&quot; has the score of &quot;40&quot;                                                                  " time="0"/>
  <testcase classname="And &quot;player one&quot; has the score of &quot;adv&quot;                                                                   " name="And &quot;player one&quot; has the score of &quot;adv&quot;                                                                   " time="0"/>
  <testcase classname="When I mark 1 points to &quot;player two&quot;                                                                    " name="When I mark 1 points to &quot;player two&quot;                                                                    " time="0"/>
  <testcase classname="Then scoreboard displays &quot;40-40&quot;                                                                     " name="Then scoreboard displays &quot;40-40&quot;                                                                     " time="0"/>
  <testcase classname="Scenario: Losing advantage                                                                 " name="Scenario: Losing advantage                                                                 " time="0.001"/>
  <testcase classname="Given &quot;player one&quot; has the score of &quot;40&quot;                                                                       " name="Given &quot;player one&quot; has the score of &quot;40&quot;                                                                       " time="0"/>
  <testcase classname="And &quot;player two&quot; has the score of &quot;adv&quot;                                                                        " name="And &quot;player two&quot; has the score of &quot;adv&quot;                                                                        " time="0"/>
  <testcase classname="When I mark 1 points to &quot;player two&quot;                                                                         " name="When I mark 1 points to &quot;player two&quot;                                                                         " time="0.001"/>
  <testcase classname="Then scoreboard displays &quot;0-0&quot;                                                                          " name="Then scoreboard displays &quot;0-0&quot;                                                                          " time="0.002"/>
  <testcase classname="And winner of this game is &quot;player two wins the game&quot;                                                                           " name="And winner of this game is &quot;player two wins the game&quot;                                                                           " time="0.001"/>
  <testcase classname="Scenario: Winning after advantage                                                                      " name="Scenario: Winning after advantage                                                                      " time="0.002"/>
  <testcase classname="Given no points have been scored in set                                                                              " name="Given no points have been scored in set                                                                              " time="0"/>
  <testcase classname="Then scoreboard displays &quot;0-0&quot;                                                                               " name="Then scoreboard displays &quot;0-0&quot;                                                                               " time="0"/>
  <testcase classname="And set scoreboard displays &quot;0-0&quot;                                                                                " name="And set scoreboard displays &quot;0-0&quot;                                                                                " time="0"/>
  <testcase classname="Scenario: Start Game at 0-0                                                                             " name="Scenario: Start Game at 0-0                                                                             " time="0.002"/>
  <testcase classname="When I mark 0 points to &quot;player one&quot;                                                                                    " name="When I mark 0 points to &quot;player one&quot;                                                                                    " time="0"/>
  <testcase classname="And I mark 0 points to &quot;player two&quot;                                                                                     " name="And I mark 0 points to &quot;player two&quot;                                                                                     " time="0.001"/>
  <testcase classname="Then scoreboard displays &quot;0-0&quot;                                                                                      " name="Then scoreboard displays &quot;0-0&quot;                                                                                      " time="0"/>
  <testcase classname="And set scoreboard displays &quot;0-0&quot;                                                                                       " name="And set scoreboard displays &quot;0-0&quot;                                                                                       " time="0.001"/>
  <testcase classname="| 0 | 0 | &quot;0-0&quot; | &quot;0-0&quot; |                                                                                   " name="| 0 | 0 | &quot;0-0&quot; | &quot;0-0&quot; |                                                                                   " time="0.003"/>
  <testcase classname="When I mark 1 points to &quot;player one&quot;                                                                                         " name="When I mark 1 points to &quot;player one&quot;                                                                                         " time="0.001"/>
  <testcase classname="And I mark 0 points to &quot;player two&quot;                                                                                          " name="And I mark 0 points to &quot;player two&quot;                                                                                          " time="0.001"/>
  <testcase classname="Then scoreboard displays &quot;15-0&quot;                                                                                           " name="Then scoreboard displays &quot;15-0&quot;                                                                                           " time="0"/>
  <testcase classname="And set scoreboard displays &quot;0-0&quot;                                                                                            " name="And set scoreboard displays &quot;0-0&quot;                                                                                            " time="0"/>
  <testcase classname="| 1 | 0 | &quot;15-0&quot; | &quot;0-0&quot; |                                                                                        " name="| 1 | 0 | &quot;15-0&quot; | &quot;0-0&quot; |                                                                                        " time="0.003"/>
  <testcase classname="When I mark 2 points to &quot;player one&quot;                                                                                              " name="When I mark 2 points to &quot;player one&quot;                                                                                              " time="0"/>
  <testcase classname="And I mark 0 points to &quot;player two&quot;                                                                                               " name="And I mark 0 points to &quot;player two&quot;                                                                                               " time="0.002"/>
  <testcase classname="Then scoreboard displays &quot;30-0&quot;                                                                                                " name="Then scoreboard displays &quot;30-0&quot;                                                                                                " time="0"/>
  <testcase classname="And set scoreboard displays &quot;0-0&quot;                                                                                                 " name="And set scoreboard displays &quot;0-0&quot;                                                                                                 " time="0.001"/>
  <testcase classname="| 2 | 0 | &quot;30-0&quot; | &quot;0-0&quot; |                                                                                             " name="| 2 | 0 | &quot;30-0&quot; | &quot;0-0&quot; |                                                                                             " time="0.003"/>
  <testcase classname="When I mark 1 points to &quot;player one&quot;                                                                                                   " name="When I mark 1 points to &quot;player one&quot;                                                                                                   " time="0.001"/>
  <testcase classname="And I mark 2 points to &quot;player two&quot;                                                                                                    " name="And I mark 2 points to &quot;player two&quot;                                                                                                    " time="0.001"/>
  <testcase classname="Then scoreboard displays &quot;15-30&quot;                                                                                                     " name="Then scoreboard displays &quot;15-30&quot;                                                                                                     " time="0"/>
  <testcase classname="And set scoreboard displays &quot;0-0&quot;                                                                                                      " name="And set scoreboard displays &quot;0-0&quot;                                                                                                      " time="0"/>
  <testcase classname="| 1 | 2 | &quot;15-30&quot; | &quot;0-0&quot; |                                                                                                  " name="| 1 | 2 | &quot;15-30&quot; | &quot;0-0&quot; |                                                                                                  " time="0"/>
  <testcase classname="When I mark 3 points to &quot;player one&quot;                                                                                                        " name="When I mark 3 points to &quot;player one&quot;                                                                                                        " time="0"/>
  <testcase classname="And I mark 1 points to &quot;player two&quot;                                                                                                         " name="And I mark 1 points to &quot;player two&quot;                                                                                                         " time="0"/>
  <testcase classname="Then scoreboard displays &quot;40-15&quot;                                                                                                          " name="Then scoreboard displays &quot;40-15&quot;                                                                                                          " time="0"/>
  <testcase classname="And set scoreboard displays &quot;0-0&quot;                                                                                                           " name="And set scoreboard displays &quot;0-0&quot;                                                                                                           " time="0"/>
  <testcase classname="| 3 | 1 | &quot;40-15&quot; | &quot;0-0&quot; |                                                                                                       " name="| 3 | 1 | &quot;40-15&quot; | &quot;0-0&quot; |                                                                                                       " time="0.004"/>
  <testcase classname="When I mark 2 points to &quot;player one&quot;                                                                                                             " name="When I mark 2 points to &quot;player one&quot;                                                                                                             " time="0"/>
  <testcase classname="And I mark 1 points to &quot;player two&quot;                                                                                                              " name="And I mark 1 points to &quot;player two&quot;                                                                                                              " time="0"/>
  <testcase classname="Then scoreboard displays &quot;30-15&quot;                                                                                                               " name="Then scoreboard displays &quot;30-15&quot;                                                                                                               " time="0"/>
  <testcase classname="And set scoreboard displays &quot;0-0&quot;                                                                                                                " name="And set scoreboard displays &quot;0-0&quot;                                                                                                                " time="0"/>
  <testcase classname="| 2 | 1 | &quot;30-15&quot; | &quot;0-0&quot; |                                                                                                            " name="| 2 | 1 | &quot;30-15&quot; | &quot;0-0&quot; |                                                                                                            " time="0"/>
  <testcase classname="When I mark 2 points to &quot;player one&quot;                                                                                                                  " name="When I mark 2 points to &quot;player one&quot;                                                                                                                  " time="0"/>
  <testcase classname="And I mark 2 points to &quot;player two&quot;                                                                                                                   " name="And I mark 2 points to &quot;player two&quot;                                                                                                                   " time="0"/>
  <testcase classname="Then scoreboard displays &quot;30-30&quot;                                                                                                                    " name="Then scoreboard displays &quot;30-30&quot;                                                                                                                    " time="0.005"/>
  <testcase classname="And set scoreboard displays &quot;0-0&quot;                                                                                                                     " name="And set scoreboard displays &quot;0-0&quot;                                                                                                                     " time="0"/>
  <testcase classname="| 2 | 2 | &quot;30-30&quot; | &quot;0-0&quot; |                                                                                                                 " name="| 2 | 2 | &quot;30-30&quot; | &quot;0-0&quot; |                                                                                                                 " time="0.001"/>
  <testcase classname="When I mark 3 points to &quot;player one&quot;                                                                                                                       " name="When I mark 3 points to &quot;player one&quot;                                                                                                                       " time="0"/>
  <testcase classname="And I mark 3 points to &quot;player two&quot;                                                                                                                        " name="And I mark 3 points to &quot;player two&quot;                                                                                                                        " time="0"/>
  <testcase classname="Then scoreboard displays &quot;40-40&quot;                                                                                                                         " name="Then scoreboard displays &quot;40-40&quot;                                                                                                                         " time="0"/>
  <testcase classname="And set scoreboard displays &quot;0-0&quot;                                                                                                                          " name="And set scoreboard displays &quot;0-0&quot;                                                                                                                          " time="0"/>
  <testcase classname="| 3 | 3 | &quot;40-40&quot; | &quot;0-0&quot; |                                                                                                                      " name="| 3 | 3 | &quot;40-40&quot; | &quot;0-0&quot; |                                                                                                                      " time="0"/>
  <testcase classname="When I mark 3 points to &quot;player one&quot;                                                                                                                            " name="When I mark 3 points to &quot;player one&quot;                                                                                                                            " time="0"/>
  <testcase classname="And I mark 4 points to &quot;player two&quot;                                                                                                                             " name="And I mark 4 points to &quot;player two&quot;                                                                                                                             " time="0.001"/>
  <testcase classname="Then scoreboard displays &quot;40-adv&quot;                                                                                                                              " name="Then scoreboard displays &quot;40-adv&quot;                                                                                                                              " time="0"/>
  <testcase classname="And set scoreboard displays &quot;0-0&quot;                                                                                                                               " name="And set scoreboard displays &quot;0-0&quot;                                                                                                                               " time="0"/>
  <testcase classname="| 3 | 4 | &quot;40-adv&quot; | &quot;0-0&quot; |                                                                                                                           " name="| 3 | 4 | &quot;40-adv&quot; | &quot;0-0&quot; |                                                                                                                           " time="0"/>
  <testcase classname="Given &quot;player one&quot; has the score of &quot;40&quot;                                                                                                                                 " name="Given &quot;player one&quot; has the score of &quot;40&quot;                                                                                                                                 " time="0.001"/>
  <testcase classname="And &quot;player two&quot; has the score of &quot;0&quot;                                                                                                                                  " name="And &quot;player two&quot; has the score of &quot;0&quot;                                                                                                                                  " time="0.001"/>
  <testcase classname="When I mark 1 points to &quot;player one&quot;                                                                                                                                   " name="When I mark 1 points to &quot;player one&quot;                                                                                                                                   " time="0"/>
  <testcase classname="Then scoreboard displays &quot;0-0&quot;                                                                                                                                    " name="Then scoreboard displays &quot;0-0&quot;                                                                                                                                    " time="0"/>
  <testcase classname="And set scoreboard displays &quot;1-0&quot;                                                                                                                                     " name="And set scoreboard displays &quot;1-0&quot;                                                                                                                                     " time="0"/>
  <testcase classname="And winner of this game is &quot;player one wins the game&quot;                                                                                                                                      " name="And winner of this game is &quot;player one wins the game&quot;                                                                                                                                      " time="0.001"/>
  <testcase classname="Scenario: Winning Game straight at 40-0 when starting Set                                                                                                                                " name="Scenario: Winning Game straight at 40-0 when starting Set                                                                                                                                " time="0.002"/>
  <testcase classname="Given &quot;player one&quot; has the score of &quot;15&quot;                                                                                                                                        " name="Given &quot;player one&quot; has the score of &quot;15&quot;                                                                                                                                        " time="0"/>
  <testcase classname="And &quot;player two&quot; has the score of &quot;40&quot;                                                                                                                                         " name="And &quot;player two&quot; has the score of &quot;40&quot;                                                                                                                                         " time="0"/>
  <testcase classname="When I mark 1 points to &quot;player two&quot;                                                                                                                                          " name="When I mark 1 points to &quot;player two&quot;                                                                                                                                          " time="0"/>
  <testcase classname="Then scoreboard displays &quot;0-0&quot;                                                                                                                                           " name="Then scoreboard displays &quot;0-0&quot;                                                                                                                                           " time="0"/>
  <testcase classname="And set scoreboard displays &quot;0-1&quot;                                                                                                                                            " name="And set scoreboard displays &quot;0-1&quot;                                                                                                                                            " time="0.001"/>
  <testcase classname="And winner of this game is &quot;player two wins the game&quot;                                                                                                                                             " name="And winner of this game is &quot;player two wins the game&quot;                                                                                                                                             " time="0"/>
  <testcase classname="Scenario: Winning Game straight at 15-40 when starting Set                                                                                                                                       " name="Scenario: Winning Game straight at 15-40 when starting Set                                                                                                                                       " time="0.001"/>
  <testcase classname="Given &quot;player one&quot; has the score of &quot;40&quot;                                                                                                                                               " name="Given &quot;player one&quot; has the score of &quot;40&quot;                                                                                                                                               " time="0"/>
  <testcase classname="And &quot;player two&quot; has the score of &quot;30&quot;                                                                                                                                                " name="And &quot;player two&quot; has the score of &quot;30&quot;                                                                                                                                                " time="0"/>
  <testcase classname="When I mark 1 points to &quot;player one&quot;                                                                                                                                                 " name="When I mark 1 points to &quot;player one&quot;                                                                                                                                                 " time="0"/>
  <testcase classname="Then scoreboard displays &quot;0-0&quot;                                                                                                                                                  " name="Then scoreboard displays &quot;0-0&quot;                                                                                                                                                  " time="0"/>
  <testcase classname="And set scoreboard displays &quot;1-0&quot;                                                                                                                                                   " name="And set scoreboard displays &quot;1-0&quot;                                                                                                                                                   " time="0"/>
  <testcase classname="And winner of this game is &quot;player one wins the game&quot;                                                                                                                                                    " name="And winner of this game is &quot;player one wins the game&quot;                                                                                                                                                    " time="0"/>
  <testcase classname="Scenario: Winning Game straight at 40-30 when starting Set                                                                                                                                              " name="Scenario: Winning Game straight at 40-30 when starting Set                                                                                                                                              " time="0"/>
  <testcase classname="Given &quot;player one&quot; has the score of &quot;40&quot;                                                                                                                                                      " name="Given &quot;player one&quot; has the score of &quot;40&quot;                                                                                                                                                      " time="0.001"/>
  <testcase classname="And &quot;player two&quot; has the score of &quot;adv&quot;                                                                                                                                                       " name="And &quot;player two&quot; has the score of &quot;adv&quot;                                                                                                                                                       " time="0"/>
  <testcase classname="When I mark 1 points to &quot;player two&quot;                                                                                                                                                        " name="When I mark 1 points to &quot;player two&quot;                                                                                                                                                        " time="0.002"/>
  <testcase classname="Then scoreboard displays &quot;0-0&quot;                                                                                                                                                         " name="Then scoreboard displays &quot;0-0&quot;                                                                                                                                                         " time="0"/>
  <testcase classname="And set scoreboard displays &quot;0-1&quot;                                                                                                                                                          " name="And set scoreboard displays &quot;0-1&quot;                                                                                                                                                          " time="0"/>
  <testcase classname="And winner of this game is &quot;player two wins the game&quot;                                                                                                                                                           " name="And winner of this game is &quot;player two wins the game&quot;                                                                                                                                                           " time="0"/>
  <testcase classname="Scenario: Winning Game straight at 40-adv when starting Set                                                                                                                                                     " name="Scenario: Winning Game straight at 40-adv when starting Set                                                                                                                                                     " time="0.001"/>
  <testcase classname="When I mark 0 game to &quot;player one&quot;                                                                                                                                                               " name="When I mark 0 game to &quot;player one&quot;                                                                                                                                                               " time="0"/>
  <testcase classname="And I mark 0 game to &quot;player two&quot;                                                                                                                                                                " name="And I mark 0 game to &quot;player two&quot;                                                                                                                                                                " time="0"/>
  <testcase classname="Then set scoreboard displays &quot;0-0&quot;                                                                                                                                                                 " name="Then set scoreboard displays &quot;0-0&quot;                                                                                                                                                                 " time="0"/>
  <testcase classname="| 0 | 0 | &quot;0-0&quot; |                                                                                                                                                              " name="| 0 | 0 | &quot;0-0&quot; |                                                                                                                                                              " time="0.002"/>
  <testcase classname="When I mark 1 game to &quot;player one&quot;                                                                                                                                                                   " name="When I mark 1 game to &quot;player one&quot;                                                                                                                                                                   " time="0.001"/>
  <testcase classname="And I mark 0 game to &quot;player two&quot;                                                                                                                                                                    " name="And I mark 0 game to &quot;player two&quot;                                                                                                                                                                    " time="0.001"/>
  <testcase classname="Then set scoreboard displays &quot;1-0&quot;                                                                                                                                                                     " name="Then set scoreboard displays &quot;1-0&quot;                                                                                                                                                                     " time="0"/>
  <testcase classname="| 1 | 0 | &quot;1-0&quot; |                                                                                                                                                                  " name="| 1 | 0 | &quot;1-0&quot; |                                                                                                                                                                  " time="0"/>
  <testcase classname="When I mark 2 game to &quot;player one&quot;                                                                                                                                                                       " name="When I mark 2 game to &quot;player one&quot;                                                                                                                                                                       " time="0.001"/>
  <testcase classname="And I mark 0 game to &quot;player two&quot;                                                                                                                                                                        " name="And I mark 0 game to &quot;player two&quot;                                                                                                                                                                        " time="0"/>
  <testcase classname="Then set scoreboard displays &quot;2-0&quot;                                                                                                                                                                         " name="Then set scoreboard displays &quot;2-0&quot;                                                                                                                                                                         " time="0"/>
  <testcase classname="| 2 | 0 | &quot;2-0&quot; |                                                                                                                                                                      " name="| 2 | 0 | &quot;2-0&quot; |                                                                                                                                                                      " time="0.001"/>
  <testcase classname="When I mark 2 game to &quot;player one&quot;                                                                                                                                                                           " name="When I mark 2 game to &quot;player one&quot;                                                                                                                                                                           " time="0"/>
  <testcase classname="And I mark 1 game to &quot;player two&quot;                                                                                                                                                                            " name="And I mark 1 game to &quot;player two&quot;                                                                                                                                                                            " time="0"/>
  <testcase classname="Then set scoreboard displays &quot;2-1&quot;                                                                                                                                                                             " name="Then set scoreboard displays &quot;2-1&quot;                                                                                                                                                                             " time="0"/>
  <testcase classname="| 2 | 1 | &quot;2-1&quot; |                                                                                                                                                                          " name="| 2 | 1 | &quot;2-1&quot; |                                                                                                                                                                          " time="0.002"/>
  <testcase classname="When I mark 3 game to &quot;player one&quot;                                                                                                                                                                               " name="When I mark 3 game to &quot;player one&quot;                                                                                                                                                                               " time="0"/>
  <testcase classname="And I mark 1 game to &quot;player two&quot;                                                                                                                                                                                " name="And I mark 1 game to &quot;player two&quot;                                                                                                                                                                                " time="0"/>
  <testcase classname="Then set scoreboard displays &quot;3-1&quot;                                                                                                                                                                                 " name="Then set scoreboard displays &quot;3-1&quot;                                                                                                                                                                                 " time="0"/>
  <testcase classname="| 3 | 1 | &quot;3-1&quot; |                                                                                                                                                                              " name="| 3 | 1 | &quot;3-1&quot; |                                                                                                                                                                              " time="0.001"/>
  <testcase classname="When I mark 3 game to &quot;player one&quot;                                                                                                                                                                                   " name="When I mark 3 game to &quot;player one&quot;                                                                                                                                                                                   " time="0"/>
  <testcase classname="And I mark 2 game to &quot;player two&quot;                                                                                                                                                                                    " name="And I mark 2 game to &quot;player two&quot;                                                                                                                                                                                    " time="0"/>
  <testcase classname="Then set scoreboard displays &quot;3-2&quot;                                                                                                                                                                                     " name="Then set scoreboard displays &quot;3-2&quot;                                                                                                                                                                                     " time="0"/>
  <testcase classname="| 3 | 2 | &quot;3-2&quot; |                                                                                                                                                                                  " name="| 3 | 2 | &quot;3-2&quot; |                                                                                                                                                                                  " time="0.001"/>
  <testcase classname="When I mark 3 game to &quot;player one&quot;                                                                                                                                                                                       " name="When I mark 3 game to &quot;player one&quot;                                                                                                                                                                                       " time="0"/>
  <testcase classname="And I mark 3 game to &quot;player two&quot;                                                                                                                                                                                        " name="And I mark 3 game to &quot;player two&quot;                                                                                                                                                                                        " time="0"/>
  <testcase classname="Then set scoreboard displays &quot;3-3&quot;                                                                                                                                                                                         " name="Then set scoreboard displays &quot;3-3&quot;                                                                                                                                                                                         " time="0"/>
  <testcase classname="| 3 | 3 | &quot;3-3&quot; |                                                                                                                                                                                      " name="| 3 | 3 | &quot;3-3&quot; |                                                                                                                                                                                      " time="0.001"/>
  <testcase classname="When I mark 4 game to &quot;player one&quot;                                                                                                                                                                                           " name="When I mark 4 game to &quot;player one&quot;                                                                                                                                                                                           " time="0.001"/>
  <testcase classname="And I mark 2 game to &quot;player two&quot;                                                                                                                                                                                            " name="And I mark 2 game to &quot;player two&quot;                                                                                                                                                                                            " time="0.001"/>
  <testcase classname="Then set scoreboard displays &quot;4-2&quot;                                                                                                                                                                                             " name="Then set scoreboard displays &quot;4-2&quot;                                                                                                                                                                                             " time="0"/>
  <testcase classname="| 4 | 2 | &quot;4-2&quot; |                                                                                                                                                                                          " name="| 4 | 2 | &quot;4-2&quot; |                                                                                                                                                                                          " time="0.001"/>
  <testcase classname="When I mark 5 game to &quot;player one&quot;                                                                                                                                                                                               " name="When I mark 5 game to &quot;player one&quot;                                                                                                                                                                                               " time="0"/>
  <testcase classname="And I mark 1 game to &quot;player two&quot;                                                                                                                                                                                                " name="And I mark 1 game to &quot;player two&quot;                                                                                                                                                                                                " time="0"/>
  <testcase classname="Then set scoreboard displays &quot;5-1&quot;                                                                                                                                                                                                 " name="Then set scoreboard displays &quot;5-1&quot;                                                                                                                                                                                                 " time="0"/>
  <testcase classname="| 5 | 1 | &quot;5-1&quot; |                                                                                                                                                                                              " name="| 5 | 1 | &quot;5-1&quot; |                                                                                                                                                                                              " time="0.002"/>
  <testcase classname="When I mark 5 game to &quot;player one&quot;                                                                                                                                                                                                   " name="When I mark 5 game to &quot;player one&quot;                                                                                                                                                                                                   " time="0.001"/>
  <testcase classname="And I mark 5 game to &quot;player two&quot;                                                                                                                                                                                                    " name="And I mark 5 game to &quot;player two&quot;                                                                                                                                                                                                    " time="0"/>
  <testcase classname="Then set scoreboard displays &quot;5-5&quot;                                                                                                                                                                                                     " name="Then set scoreboard displays &quot;5-5&quot;                                                                                                                                                                                                     " time="0"/>
  <testcase classname="| 5 | 5 | &quot;5-5&quot; |                                                                                                                                                                                                  " name="| 5 | 5 | &quot;5-5&quot; |                                                                                                                                                                                                  " time="0.001"/>
  <testcase classname="Given &quot;player one&quot; has the game score of &quot;5&quot;                                                                                                                                                                                                       " name="Given &quot;player one&quot; has the game score of &quot;5&quot;                                                                                                                                                                                                       " time="0"/>
  <testcase classname="And &quot;player two&quot; has the game score of &quot;1&quot;                                                                                                                                                                                                        " name="And &quot;player two&quot; has the game score of &quot;1&quot;                                                                                                                                                                                                        " time="0"/>
  <testcase classname="When I mark 1 game to &quot;player one&quot;                                                                                                                                                                                                         " name="When I mark 1 game to &quot;player one&quot;                                                                                                                                                                                                         " time="0"/>
  <testcase classname="Then scoreboard displays &quot;0-0&quot;                                                                                                                                                                                                          " name="Then scoreboard displays &quot;0-0&quot;                                                                                                                                                                                                          " time="0"/>
  <testcase classname="And set scoreboard displays &quot;6-1&quot;                                                                                                                                                                                                           " name="And set scoreboard displays &quot;6-1&quot;                                                                                                                                                                                                           " time="0"/>
  <testcase classname="And winner of this set is &quot;player one wins the set&quot;                                                                                                                                                                                                            " name="And winner of this set is &quot;player one wins the set&quot;                                                                                                                                                                                                            " time="0"/>
  <testcase classname="Scenario: Winning Set straight at 5-1                                                                                                                                                                                                      " name="Scenario: Winning Set straight at 5-1                                                                                                                                                                                                      " time="0.001"/>
  <testcase classname="Given &quot;player one&quot; has the game score of &quot;2&quot;                                                                                                                                                                                                              " name="Given &quot;player one&quot; has the game score of &quot;2&quot;                                                                                                                                                                                                              " time="0"/>
  <testcase classname="And &quot;player two&quot; has the game score of &quot;5&quot;                                                                                                                                                                                                               " name="And &quot;player two&quot; has the game score of &quot;5&quot;                                                                                                                                                                                                               " time="0"/>
  <testcase classname="When I mark 1 game to &quot;player two&quot;                                                                                                                                                                                                                " name="When I mark 1 game to &quot;player two&quot;                                                                                                                                                                                                                " time="0"/>
  <testcase classname="Then scoreboard displays &quot;0-0&quot;                                                                                                                                                                                                                 " name="Then scoreboard displays &quot;0-0&quot;                                                                                                                                                                                                                 " time="0"/>
  <testcase classname="And set scoreboard displays &quot;2-6&quot;                                                                                                                                                                                                                  " name="And set scoreboard displays &quot;2-6&quot;                                                                                                                                                                                                                  " time="0"/>
  <testcase classname="And winner of this set is &quot;player two wins the set&quot;                                                                                                                                                                                                                   " name="And winner of this set is &quot;player two wins the set&quot;                                                                                                                                                                                                                   " time="0"/>
  <testcase classname="Scenario: Winning Set straight at 2-5                                                                                                                                                                                                             " name="Scenario: Winning Set straight at 2-5                                                                                                                                                                                                             " time="0.001"/>
  <testcase classname="Given &quot;player one&quot; has the game score of &quot;5&quot;                                                                                                                                                                                                                     " name="Given &quot;player one&quot; has the game score of &quot;5&quot;                                                                                                                                                                                                                     " time="0"/>
  <testcase classname="And &quot;player two&quot; has the game score of &quot;3&quot;                                                                                                                                                                                                                      " name="And &quot;player two&quot; has the game score of &quot;3&quot;                                                                                                                                                                                                                      " time="0"/>
  <testcase classname="When I mark 1 game to &quot;player one&quot;                                                                                                                                                                                                                       " name="When I mark 1 game to &quot;player one&quot;                                                                                                                                                                                                                       " time="0"/>
  <testcase classname="Then scoreboard displays &quot;0-0&quot;                                                                                                                                                                                                                        " name="Then scoreboard displays &quot;0-0&quot;                                                                                                                                                                                                                        " time="0"/>
  <testcase classname="And set scoreboard displays &quot;6-3&quot;                                                                                                                                                                                                                         " name="And set scoreboard displays &quot;6-3&quot;                                                                                                                                                                                                                         " time="0"/>
  <testcase classname="And winner of this set is &quot;player one wins the set&quot;                                                                                                                                                                                                                          " name="And winner of this set is &quot;player one wins the set&quot;                                                                                                                                                                                                                          " time="0"/>
  <testcase classname="Scenario: Winning Set straight at 5-3                                                                                                                                                                                                                    " name="Scenario: Winning Set straight at 5-3                                                                                                                                                                                                                    " time="0.001"/>
  <testcase classname="Given &quot;player one&quot; has the game score of &quot;4&quot;                                                                                                                                                                                                                            " name="Given &quot;player one&quot; has the game score of &quot;4&quot;                                                                                                                                                                                                                            " time="0"/>
  <testcase classname="And &quot;player two&quot; has the game score of &quot;5&quot;                                                                                                                                                                                                                             " name="And &quot;player two&quot; has the game score of &quot;5&quot;                                                                                                                                                                                                                             " time="0"/>
  <testcase classname="When I mark 1 game to &quot;player two&quot;                                                                                                                                                                                                                              " name="When I mark 1 game to &quot;player two&quot;                                                                                                                                                                                                                              " time="0"/>
  <testcase classname="Then scoreboard displays &quot;0-0&quot;                                                                                                                                                                                                                               " name="Then scoreboard displays &quot;0-0&quot;                                                                                                                                                                                                                               " time="0"/>
  <testcase classname="And set scoreboard displays &quot;4-6&quot;                                                                                                                                                                                                                                " name="And set scoreboard displays &quot;4-6&quot;                                                                                                                                                                                                                                " time="0"/>
  <testcase classname="And winner of this set is &quot;player two wins the set&quot;                                                                                                                                                                                                                                 " name="And winner of this set is &quot;player two wins the set&quot;                                                                                                                                                                                                                                 " time="0"/>
  <testcase classname="Scenario: Winning Set straight at 4-5                                                                                                                                                                                                                           " name="Scenario: Winning Set straight at 4-5                                                                                                                                                                                                                           " time="0"/>
  <testcase classname="Given &quot;player one&quot; has the game score of &quot;6&quot;                                                                                                                                                                                                                                   " name="Given &quot;player one&quot; has the game score of &quot;6&quot;                                                                                                                                                                                                                                   " time="0"/>
[...]
  <testcase classname="And tiebrek scoreboard displays &quot;0-0&quot;                                                                                                                                                                                                                                                                                                                                                      " name="And tiebrek scoreboard displays &quot;0-0&quot;                                                                                                                                                                                                                                                                                                                                                      " time="0"/>
  <testcase classname="And winner of this match is &quot;player two wins the set and match&quot;                                                                                                                                                                                                                                                                                                                                                       " name="And winner of this match is &quot;player two wins the set and match&quot;                                                                                                                                                                                                                                                                                                                                                       " time="0"/>
  <testcase classname="Scenario: Winning Tiebrek at 5-6                                                                                                                                                                                                                                                                                                                                              " name="Scenario: Winning Tiebrek at 5-6                                                                                                                                                                                                                                                                                                                                              " time="0.001"/>
  <testcase classname="Given &quot;player one&quot; has the game score of &quot;6&quot;                                                                                                                                                                                                                                                                                                                                                         " name="Given &quot;player one&quot; has the game score of &quot;6&quot;                                                                                                                                                                                                                                                                                                                                                         " time="0"/>
  <testcase classname="And &quot;player two&quot; has the game score of &quot;6&quot;                                                                                                                                                                                                                                                                                                                                                          " name="And &quot;player two&quot; has the game score of &quot;6&quot;                                                                                                                                                                                                                                                                                                                                                          " time="0"/>
  <testcase classname="And &quot;player one&quot; has the tiebrek score of &quot;7&quot;                                                                                                                                                                                                                                                                                                                                                           " name="And &quot;player one&quot; has the tiebrek score of &quot;7&quot;                                                                                                                                                                                                                                                                                                                                                           " time="0"/>
  <testcase classname="And &quot;player two&quot; has the tiebrek score of &quot;6&quot;                                                                                                                                                                                                                                                                                                                                                            " name="And &quot;player two&quot; has the tiebrek score of &quot;6&quot;                                                                                                                                                                                                                                                                                                                                                            " time="0"/>
  <testcase classname="When I mark 1 tiebrek point to &quot;player one&quot;                                                                                                                                                                                                                                                                                                                                                             " name="When I mark 1 tiebrek point to &quot;player one&quot;                                                                                                                                                                                                                                                                                                                                                             " time="0"/>
  <testcase classname="Then scoreboard displays &quot;0-0&quot;                                                                                                                                                                                                                                                                                                                                                              " name="Then scoreboard displays &quot;0-0&quot;                                                                                                                                                                                                                                                                                                                                                              " time="0"/>
  <testcase classname="And set scoreboard displays &quot;7-6&quot;                                                                                                                                                                                                                                                                                                                                                               " name="And set scoreboard displays &quot;7-6&quot;                                                                                                                                                                                                                                                                                                                                                               " time="0"/>
  <testcase classname="And tiebrek scoreboard displays &quot;0-0&quot;                                                                                                                                                                                                                                                                                                                                                                " name="And tiebrek scoreboard displays &quot;0-0&quot;                                                                                                                                                                                                                                                                                                                                                                " time="0"/>
  <testcase classname="And winner of this match is &quot;player one wins the set and match&quot;                                                                                                                                                                                                                                                                                                                                                                 " name="And winner of this match is &quot;player one wins the set and match&quot;                                                                                                                                                                                                                                                                                                                                                                 " time="0"/>
  <testcase classname="Scenario: Winning Tiebrek at 7-6                                                                                                                                                                                                                                                                                                                                                        " name="Scenario: Winning Tiebrek at 7-6                                                                                                                                                                                                                                                                                                                                                        " time="0.001"/>
  <testcase classname="Given &quot;player one&quot; has the game score of &quot;6&quot;                                                                                                                                                                                                                                                                                                                                                                   " name="Given &quot;player one&quot; has the game score of &quot;6&quot;                                                                                                                                                                                                                                                                                                                                                                   " time="0.001"/>
  <testcase classname="And &quot;player two&quot; has the game score of &quot;6&quot;                                                                                                                                                                                                                                                                                                                                                                    " name="And &quot;player two&quot; has the game score of &quot;6&quot;                                                                                                                                                                                                                                                                                                                                                                    " time="0"/>
  <testcase classname="And &quot;player one&quot; has the tiebrek score of &quot;9&quot;                                                                                                                                                                                                                                                                                                                                                                     " name="And &quot;player one&quot; has the tiebrek score of &quot;9&quot;                                                                                                                                                                                                                                                                                                                                                                     " time="0"/>
  <testcase classname="And &quot;player two&quot; has the tiebrek score of &quot;10&quot;                                                                                                                                                                                                                                                                                                                                                                      " name="And &quot;player two&quot; has the tiebrek score of &quot;10&quot;                                                                                                                                                                                                                                                                                                                                                                      " time="0"/>
  <testcase classname="When I mark 1 tiebrek point to &quot;player two&quot;                                                                                                                                                                                                                                                                                                                                                                       " name="When I mark 1 tiebrek point to &quot;player two&quot;                                                                                                                                                                                                                                                                                                                                                                       " time="0"/>
  <testcase classname="Then scoreboard displays &quot;0-0&quot;                                                                                                                                                                                                                                                                                                                                                                        " name="Then scoreboard displays &quot;0-0&quot;                                                                                                                                                                                                                                                                                                                                                                        " time="0"/>
  <testcase classname="And set scoreboard displays &quot;6-7&quot;                                                                                                                                                                                                                                                                                                                                                                         " name="And set scoreboard displays &quot;6-7&quot;                                                                                                                                                                                                                                                                                                                                                                         " time="0"/>
  <testcase classname="And tiebrek scoreboard displays &quot;0-0&quot;                                                                                                                                                                                                                                                                                                                                                                          " name="And tiebrek scoreboard displays &quot;0-0&quot;                                                                                                                                                                                                                                                                                                                                                                          " time="0"/>
  <testcase classname="And winner of this match is &quot;player two wins the set and match&quot;                                                                                                                                                                                                                                                                                                                                                                           " name="And winner of this match is &quot;player two wins the set and match&quot;                                                                                                                                                                                                                                                                                                                                                                           " time="0"/>
  <testcase classname="Scenario: Winning Tiebrek at 9-10                                                                                                                                                                                                                                                                                                                                                                  " name="Scenario: Winning Tiebrek at 9-10                                                                                                                                                                                                                                                                                                                                                                  " time="0.001"/>
</testsuite>